<?xml version="1.0" encoding="UTF-8"?>
<!-- Generated by org.testng.reporters.JUnitReportReporter -->
<testsuite hostname="PG014UCR" name="com.growthengineering.Test_Case_Solution_Tab_All_Links_Verification" tests="1" failures="0" timestamp="3 Sep 2018 18:49:14 GMT" time="59.761" errors="0">
  <testcase name="verify_SolutionTab_AllLinks" time="59.761" classname="com.growthengineering.Test_Case_Solution_Tab_All_Links_Verification"/>
</testsuite> <!-- com.growthengineering.Test_Case_Solution_Tab_All_Links_Verification -->
