<?xml version="1.0" encoding="UTF-8"?>
<!-- Generated by org.testng.reporters.JUnitReportReporter -->
<testsuite hostname="PG014UCR" name="com.growthengineering.TC_01_Verify_Solution_Tab_All_Links" tests="1" failures="0" timestamp="3 Sep 2018 17:52:27 GMT" time="20.553" errors="0">
  <testcase name="verify_SolutionTab_AllLinks" time="20.553" classname="com.growthengineering.TC_01_Verify_Solution_Tab_All_Links"/>
</testsuite> <!-- com.growthengineering.TC_01_Verify_Solution_Tab_All_Links -->
