<?xml version="1.0" encoding="UTF-8"?>
<!-- Generated by org.testng.reporters.JUnitReportReporter -->
<testsuite hostname="PG014UCR" name="com.growthengineering.Test_Case_Solution_Sub_Links_Verification" tests="1" failures="0" timestamp="4 Sep 2018 07:02:20 GMT" time="44.616" errors="0">
  <testcase name="verify_GetInTouch_Link" time="44.616" classname="com.growthengineering.Test_Case_Solution_Sub_Links_Verification"/>
</testsuite> <!-- com.growthengineering.Test_Case_Solution_Sub_Links_Verification -->
