<?xml version="1.0" encoding="UTF-8"?>
<!-- Generated by org.testng.reporters.JUnitReportReporter -->
<testsuite hostname="PG014UCR" name="com.growthengineering.Scenario1_Test_Cases_All_Sub_Links_Verification" tests="1" failures="0" timestamp="4 Sep 2018 16:52:27 GMT" time="32.270" errors="0">
  <testcase name="verify_GetInTouch_Link" time="32.270" classname="com.growthengineering.Scenario1_Test_Cases_All_Sub_Links_Verification"/>
</testsuite> <!-- com.growthengineering.Scenario1_Test_Cases_All_Sub_Links_Verification -->
